2017-05-04 14:31:38 - Started Firefox Browser successfully.
2017-05-04 14:31:41 - Failed to start the scenario
2017-05-04 14:31:43 - 
2017-05-04 14:31:44 - Page did not load completely
2017-05-04 14:31:44 - Failed to login to WorkBench developer force org.openqa.selenium.WebDriverException: Tried to run command without establishing a connection
Build info: version: '3.0.1', revision: '1969d75', time: '2016-10-18 09:49:13 -0700'
System info: host: 'EPINHYDW1141', ip: '10.71.161.33', os.name: 'Windows 10', os.arch: 'amd64', os.version: '10.0', java.version: '1.8.0_102'
Driver info: org.openqa.selenium.firefox.FirefoxDriver
Capabilities [{moz:profile=C:\Users\VIKAS_~1\AppData\Local\Temp\rust_mozprofile.4r9nqsXgmHC9, rotatable=false, timeouts={implicit=0, page load=300000, script=30000}, pageLoadStrategy=normal, platform=ANY, specificationLevel=0, moz:accessibilityChecks=false, acceptInsecureCerts=false, browserVersion=52.0.2, platformVersion=10.0, moz:processID=7128, browserName=firefox, platformName=windows_nt}]
Session ID: 2734e82a-100a-4416-a9d4-9c4eae49728e
*** Element info: {Using=xpath, value=//select[@id='oauth_env']}
2017-05-04 14:31:44 - Failed to login and fire the querycom.epam.utils.FrameworkExceptions: Failed in feedsQueryWorkBench() method of feedsQueryWorkBench class
2017-05-04 14:31:44 - Failed to close the Opened Browsersorg.openqa.selenium.WebDriverException: Tried to run command without establishing a connection
Build info: version: '3.0.1', revision: '1969d75', time: '2016-10-18 09:49:13 -0700'
System info: host: 'EPINHYDW1141', ip: '10.71.161.33', os.name: 'Windows 10', os.arch: 'amd64', os.version: '10.0', java.version: '1.8.0_102'
Driver info: org.openqa.selenium.firefox.FirefoxDriver
Capabilities [{moz:profile=C:\Users\VIKAS_~1\AppData\Local\Temp\rust_mozprofile.4r9nqsXgmHC9, rotatable=false, timeouts={implicit=0, page load=300000, script=30000}, pageLoadStrategy=normal, platform=ANY, specificationLevel=0, moz:accessibilityChecks=false, acceptInsecureCerts=false, browserVersion=52.0.2, platformVersion=10.0, moz:processID=7128, browserName=firefox, platformName=windows_nt}]
Session ID: 2734e82a-100a-4416-a9d4-9c4eae49728e
2017-05-04 18:21:22 - ================================ TEST STARTS NOW  =========================================
2017-05-04 18:21:25 - Starting Web service Scenario
2017-05-04 18:21:25 - Executing getConnection()
2017-05-04 18:21:25 - httpclient object created to connect to the connection url:
2017-05-04 18:21:25 - Execuing loadRequest() with the parameters: url: http://www.dneonline.com/calculator.asmx?WSDL; appenders: ; requestType: POST; requestHeaders: Content-Type: text/xml; charset=utf-8
SOAPAction: http://tempuri.org/Add; requestBody: <soapenv:Envelope xmlns:soapenv="http://schemas.xmlsoap.org/soap/envelope/" xmlns:tem="http://tempuri.org/">    <soapenv:Header/>    <soapenv:Body>       <tem:Add>          <tem:intA>10</tem:intA>          <tem:intB>5</tem:intB>       </tem:Add>    </soapenv:Body> </soapenv:Envelope>
2017-05-04 18:21:25 - setReuqest
2017-05-04 18:21:25 - setReuqest
2017-05-04 18:21:25 - getReuqest
2017-05-04 18:21:25 - Executing the sendRequest()POST http://www.dneonline.com/calculator.asmx?WSDL HTTP/1.1
2017-05-04 18:21:25 - Executing getConnection()
2017-05-04 18:21:25 - httpclient object created to connect to the connection url:
2017-05-04 18:21:25 - getReuqest
2017-05-04 18:21:26 - Executing getReponse()
2017-05-04 18:21:26 - Executing getResponseStatus()
2017-05-04 18:21:26 - The output of the request is:HTTP/1.1 200 OK
2017-05-04 18:21:26 - The output of the request is:<?xml version="1.0" encoding="utf-8"?><soap:Envelope xmlns:soap="http://schemas.xmlsoap.org/soap/envelope/" xmlns:xsi="http://www.w3.org/2001/XMLSchema-instance" xmlns:xsd="http://www.w3.org/2001/XMLSchema"><soap:Body><AddResponse xmlns="http://tempuri.org/"><AddResult>15</AddResult></AddResponse></soap:Body></soap:Envelope>
2017-05-04 18:21:26 - Response XML validated successfully. Value 15 is present at //AddResponse/AddResult/text() in response file.
2017-05-04 18:21:26 - Executing closeConnection()
2017-05-04 18:21:26 - Executing getConnection()
2017-05-04 18:21:26 - httpclient object created to connect to the connection url:
2017-05-04 18:21:26 - ================================   TEST METHOD ENDS   =========================================
2017-05-04 18:21:26 - ================================ TEST STARTS NOW  =========================================
2017-05-04 18:21:26 - Starting Web service Scenario
2017-05-04 18:21:26 - Executing getConnection()
2017-05-04 18:21:26 - httpclient object created to connect to the connection url:
2017-05-04 18:21:26 - Execuing loadRequest() with the parameters: url: http://www.dneonline.com/calculator.asmx?WSDL; appenders: ; requestType: POST; requestHeaders: Content-Type: text/xml; charset=utf-8
SOAPAction: http://tempuri.org/Add; requestBody: <soapenv:Envelope xmlns:soapenv="http://schemas.xmlsoap.org/soap/envelope/" xmlns:tem="http://tempuri.org/">    <soapenv:Header/>    <soapenv:Body>       <tem:Add>          <tem:intA>10</tem:intA>          <tem:intB>5</tem:intB>       </tem:Add>    </soapenv:Body> </soapenv:Envelope>
2017-05-04 18:21:26 - setReuqest
2017-05-04 18:21:26 - setReuqest
2017-05-04 18:21:26 - getReuqest
2017-05-04 18:21:26 - Executing the sendRequest()POST http://www.dneonline.com/calculator.asmx?WSDL HTTP/1.1
2017-05-04 18:21:26 - Executing getConnection()
2017-05-04 18:21:26 - httpclient object created to connect to the connection url:
2017-05-04 18:21:26 - getReuqest
2017-05-04 18:21:27 - Executing getReponse()
2017-05-04 18:21:27 - Executing getResponseStatus()
2017-05-04 18:21:27 - The output of the request is:HTTP/1.1 200 OK
2017-05-04 18:21:27 - The output of the request is:<?xml version="1.0" encoding="utf-8"?><soap:Envelope xmlns:soap="http://schemas.xmlsoap.org/soap/envelope/" xmlns:xsi="http://www.w3.org/2001/XMLSchema-instance" xmlns:xsd="http://www.w3.org/2001/XMLSchema"><soap:Body><AddResponse xmlns="http://tempuri.org/"><AddResult>15</AddResult></AddResponse></soap:Body></soap:Envelope>
2017-05-04 18:21:27 - Response XML validated successfully. Value 15 is present at //AddResponse/AddResult/text() in response file.
2017-05-04 18:21:27 - Executing closeConnection()
2017-05-04 18:21:27 - Executing getConnection()
2017-05-04 18:21:27 - httpclient object created to connect to the connection url:
2017-05-04 18:21:27 - ================================   TEST METHOD ENDS   =========================================
2017-05-04 18:34:38 - ================================ TEST STARTS NOW  =========================================
2017-05-04 18:34:39 - Starting Web service Scenario
2017-05-04 18:34:39 - Rest Client is connected.
2017-05-04 18:34:40 - Rest Request: http://services.groupkt.com/state/get/IND/all successfully posted.
2017-05-04 18:34:40 - JSON response from the rest:
{
  "RestResponse" : {
    "messages" : [ "More webservices are available at http://www.groupkt.com/post/f2129b88/services.htm", "Total [36] records found." ],
    "result" : [ {
      "country" : "IND",
      "name" : "Andhra Pradesh",
      "abbr" : "AP",
      "area" : "160205SKM",
      "largest_city" : "Visakhapatnam",
      "capital" : "Hyderabad, India"
    }, {
      "country" : "IND",
      "name" : "Arunachal Pradesh",
      "abbr" : "AR",
      "area" : "83743SKM",
      "capital" : "Itanagar"
    }, {
      "country" : "IND",
      "name" : "Assam",
      "abbr" : "AS",
      "area" : "78550SKM",
      "largest_city" : "Guwahati",
      "capital" : "Dispur"
    }, {
      "country" : "IND",
      "name" : "Bihar",
      "abbr" : "BR",
      "area" : "99200SKM",
      "capital" : "Patna"
    }, {
      "country" : "IND",
      "name" : "Chhattisgarh",
      "abbr" : "CT",
      "area" : "135194SKM",
      "capital" : "Raipur"
    }, {
      "country" : "IND",
      "name" : "Goa",
      "abbr" : "GA",
      "area" : "3702SKM",
      "capital" : "Panaji"
    }, {
      "country" : "IND",
      "name" : "Gujarat",
      "abbr" : "GJ",
      "area" : "196024SKM",
      "largest_city" : "Ahmedabad",
      "capital" : "Gandhinagar"
    }, {
      "country" : "IND",
      "name" : "Haryana",
      "abbr" : "HR",
      "area" : "44212SKM",
      "largest_city" : "Faridabad",
      "capital" : "Chandigarh"
    }, {
      "country" : "IND",
      "name" : "Himachal Pradesh",
      "abbr" : "HP",
      "area" : "55673SKM",
      "capital" : "Shimla"
    }, {
      "country" : "IND",
      "name" : "Jammu and Kashmir",
      "abbr" : "JK",
      "area" : "222236SKM",
      "capital" : "Srinagar"
    }, {
      "country" : "IND",
      "name" : "Jharkhand",
      "abbr" : "JH",
      "area" : "74677SKM",
      "largest_city" : "Jamshedpur",
      "capital" : "Ranchi"
    }, {
      "country" : "IND",
      "name" : "Karnataka",
      "abbr" : "KA",
      "area" : "191791SKM",
      "capital" : "Bangalore"
    }, {
      "country" : "IND",
      "name" : "Kerala",
      "abbr" : "KL",
      "area" : "38863SKM",
      "capital" : "Thiruvananthapuram"
    }, {
      "country" : "IND",
      "name" : "Madhya Pradesh",
      "abbr" : "MP",
      "area" : "308252SKM",
      "largest_city" : "Indore",
      "capital" : "Bhopal"
    }, {
      "country" : "IND",
      "name" : "Maharashtra",
      "abbr" : "MH",
      "area" : "307713SKM",
      "capital" : "Mumbai"
    }, {
      "country" : "IND",
      "name" : "Manipur",
      "abbr" : "MN",
      "area" : "22347SKM",
      "capital" : "Imphal"
    }, {
      "country" : "IND",
      "name" : "Meghalaya",
      "abbr" : "ML",
      "area" : "22720SKM",
      "capital" : "Shillong"
    }, {
      "country" : "IND",
      "name" : "Mizoram",
      "abbr" : "MZ",
      "area" : "21081SKM",
      "capital" : "Aizawl"
    }, {
      "country" : "IND",
      "name" : "Nagaland",
      "abbr" : "NL",
      "area" : "16579SKM",
      "largest_city" : "Dimapur",
      "capital" : "Kohima"
    }, {
      "country" : "IND",
      "name" : "Odisha",
      "abbr" : "OR",
      "area" : "155820SKM",
      "capital" : "Bhubaneswar"
    }, {
      "country" : "IND",
      "name" : "Punjab",
      "abbr" : "PB",
      "area" : "50362SKM",
      "largest_city" : "Ludhiana",
      "capital" : "Chandigarh"
    }, {
      "country" : "IND",
      "name" : "Rajasthan",
      "abbr" : "RJ",
      "area" : "342269SKM",
      "capital" : "Jaipur"
    }, {
      "country" : "IND",
      "name" : "Sikkim",
      "abbr" : "SK",
      "area" : "7096SKM",
      "capital" : "Gangtok"
    }, {
      "country" : "IND",
      "name" : "Tamil Nadu",
      "abbr" : "TN",
      "area" : "130058SKM",
      "capital" : "Chennai"
    }, {
      "country" : "IND",
      "name" : "Telangana",
      "abbr" : "TG",
      "area" : "11484030SKM",
      "capital" : "Hyderabad"
    }, {
      "country" : "IND",
      "name" : "Tripura",
      "abbr" : "TR",
      "area" : "10492SKM",
      "capital" : "Agartala"
    }, {
      "country" : "IND",
      "name" : "Uttar Pradesh",
      "abbr" : "UP",
      "area" : "243286SKM",
      "largest_city" : "Kanpur",
      "capital" : "Lucknow"
    }, {
      "country" : "IND",
      "name" : "Uttarakhand",
      "abbr" : "UT",
      "area" : "53483SKM",
      "capital" : "Dehradun"
    }, {
      "country" : "IND",
      "name" : "West Bengal",
      "abbr" : "WB",
      "area" : "88752SKM",
      "capital" : "Kolkata"
    }, {
      "country" : "IND",
      "name" : "Andaman and Nicobar Islands",
      "abbr" : "AN",
      "capital" : "Port Blair"
    }, {
      "country" : "IND",
      "name" : "Chandigarh",
      "abbr" : "CH",
      "capital" : "Chandigarh"
    }, {
      "country" : "IND",
      "name" : "Dadra and Nagar Haveli",
      "abbr" : "DN",
      "capital" : "Silvassa"
    }, {
      "country" : "IND",
      "name" : "Daman and Diu",
      "abbr" : "DD",
      "capital" : "Daman"
    }, {
      "country" : "IND",
      "name" : "Lakshadweep",
      "abbr" : "LD",
      "capital" : "Kavaratti"
    }, {
      "country" : "IND",
      "name" : "National Capital Territory of Delhi",
      "abbr" : "DL",
      "capital" : "New Delhi"
    }, {
      "country" : "IND",
      "name" : "Puducherry",
      "abbr" : "PY",
      "capital" : "Pondicherry"
    } ]
  }
}
2017-05-04 18:34:41 - Response JSON validated successfully. Value Guwahati is present at $..result[?(@.name=='Assam')].largest_city in response file.
2017-05-04 18:34:41 - Rest connection is closed.
2017-05-04 18:34:41 - ================================   TEST METHOD ENDS   =========================================
