2017-05-26 14:27:24 - ================================   TEST METHOD ENDS   =========================================
2017-05-26 14:28:24 - ================================   TEST METHOD ENDS   =========================================
2017-05-26 14:29:09 - ================================   TEST METHOD ENDS   =========================================
2017-05-26 14:29:42 - ================================   TEST METHOD ENDS   =========================================
2017-05-26 14:29:52 - Started Firefox Browser successfully.
2017-05-26 14:29:56 - ================================  TEST METHOD STARTS  =========================================
2017-05-26 14:29:56 - 
2017-05-26 14:29:56 - Page loaded successfully
2017-05-26 14:29:58 - Failed to login to WorkBench developer force org.openqa.selenium.WebDriverException: Tried to run command without establishing a connection
Build info: version: '3.0.1', revision: '1969d75', time: '2016-10-18 09:49:13 -0700'
System info: host: 'EPINHYDW1141', ip: '10.71.160.248', os.name: 'Windows 10', os.arch: 'amd64', os.version: '10.0', java.version: '1.8.0_102'
Driver info: org.openqa.selenium.firefox.FirefoxDriver
Capabilities [{moz:profile=C:\Users\VIKAS_~1\AppData\Local\Temp\rust_mozprofile.hsiYCMe1Pp9L, rotatable=false, timeouts={implicit=0, page load=300000, script=30000}, pageLoadStrategy=normal, platform=ANY, specificationLevel=0, moz:accessibilityChecks=false, acceptInsecureCerts=false, browserVersion=52.0.2, platformVersion=10.0, moz:processID=14012, browserName=firefox, platformName=windows_nt}]
Session ID: 41497939-06af-49e6-b0ff-b5981ebfd20c
*** Element info: {Using=xpath, value=//select[@id='oauth_env']}
2017-05-26 14:29:58 - Failed to login and fire the querycom.epam.utils.FrameworkExceptions: Failed in feedsQueryWorkBench() method of feedsQueryWorkBench class
2017-05-26 14:29:58 - Failed to close the Opened Browsersorg.openqa.selenium.WebDriverException: Tried to run command without establishing a connection
Build info: version: '3.0.1', revision: '1969d75', time: '2016-10-18 09:49:13 -0700'
System info: host: 'EPINHYDW1141', ip: '10.71.160.248', os.name: 'Windows 10', os.arch: 'amd64', os.version: '10.0', java.version: '1.8.0_102'
Driver info: org.openqa.selenium.firefox.FirefoxDriver
Capabilities [{moz:profile=C:\Users\VIKAS_~1\AppData\Local\Temp\rust_mozprofile.hsiYCMe1Pp9L, rotatable=false, timeouts={implicit=0, page load=300000, script=30000}, pageLoadStrategy=normal, platform=ANY, specificationLevel=0, moz:accessibilityChecks=false, acceptInsecureCerts=false, browserVersion=52.0.2, platformVersion=10.0, moz:processID=14012, browserName=firefox, platformName=windows_nt}]
Session ID: 41497939-06af-49e6-b0ff-b5981ebfd20c
2017-05-26 14:30:38 - ================================   TEST METHOD ENDS   =========================================
2017-05-26 14:36:04 - ================================   TEST METHOD ENDS   =========================================
2017-05-26 14:36:56 - ================================ TEST STARTS NOW  =========================================
2017-05-26 14:36:57 - Starting Web service Scenario
2017-05-26 14:36:57 - Executing getConnection()
2017-05-26 14:36:58 - httpclient object created to connect to the connection url:
2017-05-26 14:36:58 - Execuing loadRequest() with the parameters: url: http://www.dneonline.com/calculator.asmx?WSDL; appenders: ; requestType: POST; requestHeaders: Content-Type: text/xml; charset=utf-8
SOAPAction: http://tempuri.org/Add; requestBody: <soapenv:Envelope xmlns:soapenv="http://schemas.xmlsoap.org/soap/envelope/" xmlns:tem="http://tempuri.org/">    <soapenv:Header/>    <soapenv:Body>       <tem:Add>          <tem:intA>10</tem:intA>          <tem:intB>5</tem:intB>       </tem:Add>    </soapenv:Body> </soapenv:Envelope>
2017-05-26 14:36:58 - setReuqest
2017-05-26 14:36:58 - setReuqest
2017-05-26 14:36:58 - getReuqest
2017-05-26 14:36:58 - Executing the sendRequest()POST http://www.dneonline.com/calculator.asmx?WSDL HTTP/1.1
2017-05-26 14:36:58 - Executing getConnection()
2017-05-26 14:36:58 - httpclient object created to connect to the connection url:
2017-05-26 14:36:58 - getReuqest
2017-05-26 14:36:59 - Executing getReponse()
2017-05-26 14:36:59 - Executing getResponseStatus()
2017-05-26 14:36:59 - The output of the request is:HTTP/1.1 200 OK
2017-05-26 14:36:59 - The output of the request is:<?xml version="1.0" encoding="utf-8"?><soap:Envelope xmlns:soap="http://schemas.xmlsoap.org/soap/envelope/" xmlns:xsi="http://www.w3.org/2001/XMLSchema-instance" xmlns:xsd="http://www.w3.org/2001/XMLSchema"><soap:Body><AddResponse xmlns="http://tempuri.org/"><AddResult>15</AddResult></AddResponse></soap:Body></soap:Envelope>
2017-05-26 14:37:00 - Response XML validated successfully. Value 15 is present at //AddResponse/AddResult/text() in response file.
2017-05-26 14:37:00 - Executing closeConnection()
2017-05-26 14:37:00 - Executing getConnection()
2017-05-26 14:37:00 - httpclient object created to connect to the connection url:
2017-05-26 14:37:00 - ================================   TEST METHOD ENDS   =========================================
2017-05-26 14:37:00 - ================================ TEST STARTS NOW  =========================================
2017-05-26 14:37:00 - Starting Web service Scenario
2017-05-26 14:37:00 - Executing getConnection()
2017-05-26 14:37:00 - httpclient object created to connect to the connection url:
2017-05-26 14:37:00 - Execuing loadRequest() with the parameters: url: http://www.dneonline.com/calculator.asmx?WSDL; appenders: ; requestType: POST; requestHeaders: Content-Type: text/xml; charset=utf-8
SOAPAction: http://tempuri.org/Add; requestBody: <soapenv:Envelope xmlns:soapenv="http://schemas.xmlsoap.org/soap/envelope/" xmlns:tem="http://tempuri.org/">    <soapenv:Header/>    <soapenv:Body>       <tem:Add>          <tem:intA>10</tem:intA>          <tem:intB>5</tem:intB>       </tem:Add>    </soapenv:Body> </soapenv:Envelope>
2017-05-26 14:37:00 - setReuqest
2017-05-26 14:37:00 - setReuqest
2017-05-26 14:37:00 - getReuqest
2017-05-26 14:37:00 - Executing the sendRequest()POST http://www.dneonline.com/calculator.asmx?WSDL HTTP/1.1
2017-05-26 14:37:00 - Executing getConnection()
2017-05-26 14:37:00 - httpclient object created to connect to the connection url:
2017-05-26 14:37:00 - getReuqest
2017-05-26 14:37:01 - Executing getReponse()
2017-05-26 14:37:01 - Executing getResponseStatus()
2017-05-26 14:37:01 - The output of the request is:HTTP/1.1 200 OK
2017-05-26 14:37:01 - The output of the request is:<?xml version="1.0" encoding="utf-8"?><soap:Envelope xmlns:soap="http://schemas.xmlsoap.org/soap/envelope/" xmlns:xsi="http://www.w3.org/2001/XMLSchema-instance" xmlns:xsd="http://www.w3.org/2001/XMLSchema"><soap:Body><AddResponse xmlns="http://tempuri.org/"><AddResult>15</AddResult></AddResponse></soap:Body></soap:Envelope>
2017-05-26 14:37:01 - Response XML validated successfully. Value 15 is present at //AddResponse/AddResult/text() in response file.
2017-05-26 14:37:01 - Executing closeConnection()
2017-05-26 14:37:01 - Executing getConnection()
2017-05-26 14:37:01 - httpclient object created to connect to the connection url:
2017-05-26 14:37:01 - ================================   TEST METHOD ENDS   =========================================
2017-05-26 14:40:23 - ================================   TEST METHOD ENDS   =========================================
2017-05-26 14:43:06 - ================================   TEST METHOD ENDS   =========================================
2017-05-26 14:44:33 - ================================   TEST METHOD ENDS   =========================================
2017-05-26 14:50:43 - ================================   TEST METHOD ENDS   =========================================
2017-05-26 14:51:52 - ================================   TEST METHOD ENDS   =========================================
2017-05-26 15:00:27 - Started Firefox Browser successfully.
2017-05-26 15:00:33 - ================================  TEST METHOD STARTS  =========================================
2017-05-26 15:00:33 - 
2017-05-26 15:00:33 - Page loaded successfully
2017-05-26 15:00:34 - Element element: eleEnvironment loaded
2017-05-26 15:00:34 - DropDown Element: eleEnvironment => Sandbox is Selected
2017-05-26 15:00:34 - Element element: eleApiVersion loaded
2017-05-26 15:00:35 - DropDown Element: eleApiVersion => 37.0 is Selected
2017-05-26 15:00:35 - Element element: eleAgreeForTerms loaded
2017-05-26 15:00:35 - Checkbox element: eleAgreeForTerms checked
2017-05-26 15:00:35 - Element element: eleLoginWithSalesForce loaded
2017-05-26 15:00:35 - Button element: eleLoginWithSalesForce clicked
2017-05-26 15:00:43 - Element element: eleUserName loaded
2017-05-26 15:00:43 - TextField element: eleUserName => madhavan_moorthi@az.prod.qa set text successfully
2017-05-26 15:00:43 - Element element: elePassword loaded
2017-05-26 15:00:43 - TextField element: elePassword => test@111 set text successfully
2017-05-26 15:00:43 - Element element: eleLoginButton loaded
2017-05-26 15:00:43 - Button element: eleLoginButton clicked
2017-05-26 15:00:43 - Failed to login to WorkBench developer force org.openqa.selenium.NoSuchElementException: Unable to locate element: //a[text()='SOQL Query']
For documentation on this error, please visit: http://seleniumhq.org/exceptions/no_such_element.html
Build info: version: '3.0.1', revision: '1969d75', time: '2016-10-18 09:49:13 -0700'
System info: host: 'EPINHYDW1141', ip: '10.17.6.20', os.name: 'Windows 10', os.arch: 'amd64', os.version: '10.0', java.version: '1.8.0_102'
Driver info: org.openqa.selenium.firefox.FirefoxDriver
Capabilities [{moz:profile=C:\Users\VIKAS_~1\AppData\Local\Temp\rust_mozprofile.jMwA02boPdoi, rotatable=false, timeouts={implicit=0, page load=300000, script=30000}, pageLoadStrategy=normal, platform=ANY, specificationLevel=0, moz:accessibilityChecks=false, acceptInsecureCerts=false, browserVersion=52.0.2, platformVersion=10.0, moz:processID=1388, browserName=firefox, platformName=windows_nt}]
Session ID: fb4453df-5ad0-443f-add2-57d595582fed
*** Element info: {Using=xpath, value=//a[text()='SOQL Query']}
2017-05-26 15:00:43 - Failed to login and fire the querycom.epam.utils.FrameworkExceptions: Failed in feedsQueryWorkBench() method of feedsQueryWorkBench class
2017-05-26 15:00:46 - ================================   TEST METHOD ENDS   =========================================
2017-05-26 15:02:17 - ================================   TEST METHOD ENDS   =========================================
2017-05-26 15:02:53 - ================================   TEST METHOD ENDS   =========================================
2017-05-26 15:03:41 - AddTwoIntegersWebServiceScenario
2017-05-26 15:03:42 - Executing getConnection()
2017-05-26 15:03:42 - httpclient object created to connect to the connection url:
2017-05-26 15:03:42 - Execuing loadRequest() with the parameters: url: http://www.dneonline.com/calculator.asmx?WSDL; appenders: ; requestType: POST; requestHeaders: Content-Type: text/xml; charset=utf-8
SOAPAction: http://tempuri.org/Add; requestBody: <soapenv:Envelope xmlns:soapenv="http://schemas.xmlsoap.org/soap/envelope/" xmlns:tem="http://tempuri.org/">    <soapenv:Header/>    <soapenv:Body>       <tem:Add>          <tem:intA>10</tem:intA>          <tem:intB>5</tem:intB>       </tem:Add>    </soapenv:Body> </soapenv:Envelope>
2017-05-26 15:03:42 - setReuqest
2017-05-26 15:03:42 - setReuqest
2017-05-26 15:03:42 - getReuqest
2017-05-26 15:03:42 - Executing the sendRequest()POST http://www.dneonline.com/calculator.asmx?WSDL HTTP/1.1
2017-05-26 15:03:42 - Executing getConnection()
2017-05-26 15:03:42 - httpclient object created to connect to the connection url:
2017-05-26 15:03:42 - getReuqest
2017-05-26 15:03:43 - Executing getReponse()
2017-05-26 15:03:43 - Executing getResponseStatus()
2017-05-26 15:03:43 - The output of the request is:HTTP/1.1 200 OK
2017-05-26 15:03:43 - The output of the request is:<?xml version="1.0" encoding="utf-8"?><soap:Envelope xmlns:soap="http://schemas.xmlsoap.org/soap/envelope/" xmlns:xsi="http://www.w3.org/2001/XMLSchema-instance" xmlns:xsd="http://www.w3.org/2001/XMLSchema"><soap:Body><AddResponse xmlns="http://tempuri.org/"><AddResult>15</AddResult></AddResponse></soap:Body></soap:Envelope>
2017-05-26 15:03:44 - Response XML validated successfully. Value 15 is present at //AddResponse/AddResult/text() in response file.
2017-05-26 15:03:44 - Executing closeConnection()
2017-05-26 15:03:44 - Executing getConnection()
2017-05-26 15:03:44 - httpclient object created to connect to the connection url:
2017-05-26 15:03:44 - SubtractIntegersWebServiceScenario
2017-05-26 15:03:44 - Executing getConnection()
2017-05-26 15:03:44 - httpclient object created to connect to the connection url:
2017-05-26 15:03:44 - Execuing loadRequest() with the parameters: url: http://www.dneonline.com/calculator.asmx?WSDL; appenders: ; requestType: POST; requestHeaders: Content-Type: text/xml; charset=utf-8
SOAPAction: http://tempuri.org/Add; requestBody: <soapenv:Envelope xmlns:soapenv="http://schemas.xmlsoap.org/soap/envelope/" xmlns:tem="http://tempuri.org/">    <soapenv:Header/>    <soapenv:Body>       <tem:Add>          <tem:intA>10</tem:intA>          <tem:intB>5</tem:intB>       </tem:Add>    </soapenv:Body> </soapenv:Envelope>
2017-05-26 15:03:44 - setReuqest
2017-05-26 15:03:44 - setReuqest
2017-05-26 15:03:44 - getReuqest
2017-05-26 15:03:44 - Executing the sendRequest()POST http://www.dneonline.com/calculator.asmx?WSDL HTTP/1.1
2017-05-26 15:03:44 - Executing getConnection()
2017-05-26 15:03:44 - httpclient object created to connect to the connection url:
2017-05-26 15:03:44 - getReuqest
2017-05-26 15:03:45 - Executing getReponse()
2017-05-26 15:03:45 - Executing getResponseStatus()
2017-05-26 15:03:45 - The output of the request is:HTTP/1.1 200 OK
2017-05-26 15:03:45 - The output of the request is:<?xml version="1.0" encoding="utf-8"?><soap:Envelope xmlns:soap="http://schemas.xmlsoap.org/soap/envelope/" xmlns:xsi="http://www.w3.org/2001/XMLSchema-instance" xmlns:xsd="http://www.w3.org/2001/XMLSchema"><soap:Body><AddResponse xmlns="http://tempuri.org/"><AddResult>15</AddResult></AddResponse></soap:Body></soap:Envelope>
2017-05-26 15:03:45 - Response XML validated successfully. Value 15 is present at //AddResponse/AddResult/text() in response file.
2017-05-26 15:03:45 - Executing closeConnection()
2017-05-26 15:03:45 - Executing getConnection()
2017-05-26 15:03:45 - httpclient object created to connect to the connection url:
2017-05-26 15:03:45 - ================================   TEST METHOD ENDS   =========================================
2017-05-26 15:06:43 - ================================ TEST STARTS NOW  =========================================
2017-05-26 15:06:44 - Starting Web service Scenario
2017-05-26 15:06:44 - Executing getConnection()
2017-05-26 15:06:45 - httpclient object created to connect to the connection url:
2017-05-26 15:06:45 - Execuing loadRequest() with the parameters: url: http://www.dneonline.com/calculator.asmx?WSDL; appenders: ; requestType: POST; requestHeaders: Content-Type: text/xml; charset=utf-8
SOAPAction: http://tempuri.org/Add; requestBody: <soapenv:Envelope xmlns:soapenv="http://schemas.xmlsoap.org/soap/envelope/" xmlns:tem="http://tempuri.org/">    <soapenv:Header/>    <soapenv:Body>       <tem:Add>          <tem:intA>10</tem:intA>          <tem:intB>5</tem:intB>       </tem:Add>    </soapenv:Body> </soapenv:Envelope>
2017-05-26 15:06:45 - setReuqest
2017-05-26 15:06:45 - setReuqest
2017-05-26 15:06:45 - getReuqest
2017-05-26 15:06:45 - Executing the sendRequest()POST http://www.dneonline.com/calculator.asmx?WSDL HTTP/1.1
2017-05-26 15:06:45 - Executing getConnection()
2017-05-26 15:06:45 - httpclient object created to connect to the connection url:
2017-05-26 15:06:45 - getReuqest
2017-05-26 15:06:46 - Executing getReponse()
2017-05-26 15:06:46 - Executing getResponseStatus()
2017-05-26 15:06:46 - The output of the request is:HTTP/1.1 200 OK
2017-05-26 15:06:46 - The output of the request is:<?xml version="1.0" encoding="utf-8"?><soap:Envelope xmlns:soap="http://schemas.xmlsoap.org/soap/envelope/" xmlns:xsi="http://www.w3.org/2001/XMLSchema-instance" xmlns:xsd="http://www.w3.org/2001/XMLSchema"><soap:Body><AddResponse xmlns="http://tempuri.org/"><AddResult>15</AddResult></AddResponse></soap:Body></soap:Envelope>
2017-05-26 15:06:46 - Response XML validated successfully. Value 15 is present at //AddResponse/AddResult/text() in response file.
2017-05-26 15:06:46 - Executing closeConnection()
2017-05-26 15:06:46 - Executing getConnection()
2017-05-26 15:06:46 - httpclient object created to connect to the connection url:
2017-05-26 15:06:46 - ================================   TEST METHOD ENDS   =========================================
2017-05-26 15:06:46 - ================================ TEST STARTS NOW  =========================================
2017-05-26 15:06:46 - Starting Web service Scenario
2017-05-26 15:06:46 - Executing getConnection()
2017-05-26 15:06:46 - httpclient object created to connect to the connection url:
2017-05-26 15:06:46 - Execuing loadRequest() with the parameters: url: http://www.dneonline.com/calculator.asmx?WSDL; appenders: ; requestType: POST; requestHeaders: Content-Type: text/xml; charset=utf-8
SOAPAction: http://tempuri.org/Add; requestBody: <soapenv:Envelope xmlns:soapenv="http://schemas.xmlsoap.org/soap/envelope/" xmlns:tem="http://tempuri.org/">    <soapenv:Header/>    <soapenv:Body>       <tem:Add>          <tem:intA>10</tem:intA>          <tem:intB>5</tem:intB>       </tem:Add>    </soapenv:Body> </soapenv:Envelope>
2017-05-26 15:06:46 - setReuqest
2017-05-26 15:06:46 - setReuqest
2017-05-26 15:06:46 - getReuqest
2017-05-26 15:06:46 - Executing the sendRequest()POST http://www.dneonline.com/calculator.asmx?WSDL HTTP/1.1
2017-05-26 15:06:46 - Executing getConnection()
2017-05-26 15:06:46 - httpclient object created to connect to the connection url:
2017-05-26 15:06:46 - getReuqest
2017-05-26 15:06:47 - Executing getReponse()
2017-05-26 15:06:47 - Executing getResponseStatus()
2017-05-26 15:06:47 - The output of the request is:HTTP/1.1 200 OK
2017-05-26 15:06:47 - The output of the request is:<?xml version="1.0" encoding="utf-8"?><soap:Envelope xmlns:soap="http://schemas.xmlsoap.org/soap/envelope/" xmlns:xsi="http://www.w3.org/2001/XMLSchema-instance" xmlns:xsd="http://www.w3.org/2001/XMLSchema"><soap:Body><AddResponse xmlns="http://tempuri.org/"><AddResult>15</AddResult></AddResponse></soap:Body></soap:Envelope>
2017-05-26 15:06:47 - Response XML validated successfully. Value 15 is present at //AddResponse/AddResult/text() in response file.
2017-05-26 15:06:47 - Executing closeConnection()
2017-05-26 15:06:47 - Executing getConnection()
2017-05-26 15:06:47 - httpclient object created to connect to the connection url:
2017-05-26 15:06:47 - ================================   TEST METHOD ENDS   =========================================
2017-05-26 15:09:37 - VerifyCapitalCityScenarioofAssam
2017-05-26 15:09:39 - Rest Client is connected.
2017-05-26 15:09:41 - Rest Request: http://services.groupkt.com/state/get/IND/all successfully posted.
2017-05-26 15:09:41 - JSON response from the rest:
{
  "RestResponse" : {
    "messages" : [ "More webservices are available at http://www.groupkt.com/post/f2129b88/services.htm", "Total [36] records found." ],
    "result" : [ {
      "country" : "IND",
      "name" : "Andhra Pradesh",
      "abbr" : "AP",
      "area" : "160205SKM",
      "largest_city" : "Visakhapatnam",
      "capital" : "Hyderabad, India"
    }, {
      "country" : "IND",
      "name" : "Arunachal Pradesh",
      "abbr" : "AR",
      "area" : "83743SKM",
      "capital" : "Itanagar"
    }, {
      "country" : "IND",
      "name" : "Assam",
      "abbr" : "AS",
      "area" : "78550SKM",
      "largest_city" : "Guwahati",
      "capital" : "Dispur"
    }, {
      "country" : "IND",
      "name" : "Bihar",
      "abbr" : "BR",
      "area" : "99200SKM",
      "capital" : "Patna"
    }, {
      "country" : "IND",
      "name" : "Chhattisgarh",
      "abbr" : "CT",
      "area" : "135194SKM",
      "capital" : "Raipur"
    }, {
      "country" : "IND",
      "name" : "Goa",
      "abbr" : "GA",
      "area" : "3702SKM",
      "capital" : "Panaji"
    }, {
      "country" : "IND",
      "name" : "Gujarat",
      "abbr" : "GJ",
      "area" : "196024SKM",
      "largest_city" : "Ahmedabad",
      "capital" : "Gandhinagar"
    }, {
      "country" : "IND",
      "name" : "Haryana",
      "abbr" : "HR",
      "area" : "44212SKM",
      "largest_city" : "Faridabad",
      "capital" : "Chandigarh"
    }, {
      "country" : "IND",
      "name" : "Himachal Pradesh",
      "abbr" : "HP",
      "area" : "55673SKM",
      "capital" : "Shimla"
    }, {
      "country" : "IND",
      "name" : "Jammu and Kashmir",
      "abbr" : "JK",
      "area" : "222236SKM",
      "capital" : "Srinagar"
    }, {
      "country" : "IND",
      "name" : "Jharkhand",
      "abbr" : "JH",
      "area" : "74677SKM",
      "largest_city" : "Jamshedpur",
      "capital" : "Ranchi"
    }, {
      "country" : "IND",
      "name" : "Karnataka",
      "abbr" : "KA",
      "area" : "191791SKM",
      "capital" : "Bangalore"
    }, {
      "country" : "IND",
      "name" : "Kerala",
      "abbr" : "KL",
      "area" : "38863SKM",
      "capital" : "Thiruvananthapuram"
    }, {
      "country" : "IND",
      "name" : "Madhya Pradesh",
      "abbr" : "MP",
      "area" : "308252SKM",
      "largest_city" : "Indore",
      "capital" : "Bhopal"
    }, {
      "country" : "IND",
      "name" : "Maharashtra",
      "abbr" : "MH",
      "area" : "307713SKM",
      "capital" : "Mumbai"
    }, {
      "country" : "IND",
      "name" : "Manipur",
      "abbr" : "MN",
      "area" : "22347SKM",
      "capital" : "Imphal"
    }, {
      "country" : "IND",
      "name" : "Meghalaya",
      "abbr" : "ML",
      "area" : "22720SKM",
      "capital" : "Shillong"
    }, {
      "country" : "IND",
      "name" : "Mizoram",
      "abbr" : "MZ",
      "area" : "21081SKM",
      "capital" : "Aizawl"
    }, {
      "country" : "IND",
      "name" : "Nagaland",
      "abbr" : "NL",
      "area" : "16579SKM",
      "largest_city" : "Dimapur",
      "capital" : "Kohima"
    }, {
      "country" : "IND",
      "name" : "Odisha",
      "abbr" : "OR",
      "area" : "155820SKM",
      "capital" : "Bhubaneswar"
    }, {
      "country" : "IND",
      "name" : "Punjab",
      "abbr" : "PB",
      "area" : "50362SKM",
      "largest_city" : "Ludhiana",
      "capital" : "Chandigarh"
    }, {
      "country" : "IND",
      "name" : "Rajasthan",
      "abbr" : "RJ",
      "area" : "342269SKM",
      "capital" : "Jaipur"
    }, {
      "country" : "IND",
      "name" : "Sikkim",
      "abbr" : "SK",
      "area" : "7096SKM",
      "capital" : "Gangtok"
    }, {
      "country" : "IND",
      "name" : "Tamil Nadu",
      "abbr" : "TN",
      "area" : "130058SKM",
      "capital" : "Chennai"
    }, {
      "country" : "IND",
      "name" : "Telangana",
      "abbr" : "TG",
      "area" : "11484030SKM",
      "capital" : "Hyderabad"
    }, {
      "country" : "IND",
      "name" : "Tripura",
      "abbr" : "TR",
      "area" : "10492SKM",
      "capital" : "Agartala"
    }, {
      "country" : "IND",
      "name" : "Uttar Pradesh",
      "abbr" : "UP",
      "area" : "243286SKM",
      "largest_city" : "Kanpur",
      "capital" : "Lucknow"
    }, {
      "country" : "IND",
      "name" : "Uttarakhand",
      "abbr" : "UT",
      "area" : "53483SKM",
      "capital" : "Dehradun"
    }, {
      "country" : "IND",
      "name" : "West Bengal",
      "abbr" : "WB",
      "area" : "88752SKM",
      "capital" : "Kolkata"
    }, {
      "country" : "IND",
      "name" : "Andaman and Nicobar Islands",
      "abbr" : "AN",
      "capital" : "Port Blair"
    }, {
      "country" : "IND",
      "name" : "Chandigarh",
      "abbr" : "CH",
      "capital" : "Chandigarh"
    }, {
      "country" : "IND",
      "name" : "Dadra and Nagar Haveli",
      "abbr" : "DN",
      "capital" : "Silvassa"
    }, {
      "country" : "IND",
      "name" : "Daman and Diu",
      "abbr" : "DD",
      "capital" : "Daman"
    }, {
      "country" : "IND",
      "name" : "Lakshadweep",
      "abbr" : "LD",
      "capital" : "Kavaratti"
    }, {
      "country" : "IND",
      "name" : "National Capital Territory of Delhi",
      "abbr" : "DL",
      "capital" : "New Delhi"
    }, {
      "country" : "IND",
      "name" : "Puducherry",
      "abbr" : "PY",
      "capital" : "Pondicherry"
    } ]
  }
}
2017-05-26 15:09:41 - Response JSON validated successfully. Value Guwahati is present at $..result[?(@.name=='Assam')].largest_city in response file.
2017-05-26 15:09:41 - Failed to close Rest connection java.lang.NullPointerException
2017-05-26 15:09:41 - Failed to close Rest connection com.epam.utils.FrameworkExceptions: Failed in closeRestConnection() methodjava.lang.NullPointerException
2017-05-26 15:09:41 - ================================   TEST METHOD ENDS   =========================================
2017-05-26 15:20:39 - VerifyCapitalCityScenarioofAssam
2017-05-26 15:20:40 - Rest Client is connected.
2017-05-26 15:20:42 - Rest Request: http://services.groupkt.com/state/get/IND/all successfully posted.
2017-05-26 15:20:42 - JSON response from the rest:
{
  "RestResponse" : {
    "messages" : [ "More webservices are available at http://www.groupkt.com/post/f2129b88/services.htm", "Total [36] records found." ],
    "result" : [ {
      "country" : "IND",
      "name" : "Andhra Pradesh",
      "abbr" : "AP",
      "area" : "160205SKM",
      "largest_city" : "Visakhapatnam",
      "capital" : "Hyderabad, India"
    }, {
      "country" : "IND",
      "name" : "Arunachal Pradesh",
      "abbr" : "AR",
      "area" : "83743SKM",
      "capital" : "Itanagar"
    }, {
      "country" : "IND",
      "name" : "Assam",
      "abbr" : "AS",
      "area" : "78550SKM",
      "largest_city" : "Guwahati",
      "capital" : "Dispur"
    }, {
      "country" : "IND",
      "name" : "Bihar",
      "abbr" : "BR",
      "area" : "99200SKM",
      "capital" : "Patna"
    }, {
      "country" : "IND",
      "name" : "Chhattisgarh",
      "abbr" : "CT",
      "area" : "135194SKM",
      "capital" : "Raipur"
    }, {
      "country" : "IND",
      "name" : "Goa",
      "abbr" : "GA",
      "area" : "3702SKM",
      "capital" : "Panaji"
    }, {
      "country" : "IND",
      "name" : "Gujarat",
      "abbr" : "GJ",
      "area" : "196024SKM",
      "largest_city" : "Ahmedabad",
      "capital" : "Gandhinagar"
    }, {
      "country" : "IND",
      "name" : "Haryana",
      "abbr" : "HR",
      "area" : "44212SKM",
      "largest_city" : "Faridabad",
      "capital" : "Chandigarh"
    }, {
      "country" : "IND",
      "name" : "Himachal Pradesh",
      "abbr" : "HP",
      "area" : "55673SKM",
      "capital" : "Shimla"
    }, {
      "country" : "IND",
      "name" : "Jammu and Kashmir",
      "abbr" : "JK",
      "area" : "222236SKM",
      "capital" : "Srinagar"
    }, {
      "country" : "IND",
      "name" : "Jharkhand",
      "abbr" : "JH",
      "area" : "74677SKM",
      "largest_city" : "Jamshedpur",
      "capital" : "Ranchi"
    }, {
      "country" : "IND",
      "name" : "Karnataka",
      "abbr" : "KA",
      "area" : "191791SKM",
      "capital" : "Bangalore"
    }, {
      "country" : "IND",
      "name" : "Kerala",
      "abbr" : "KL",
      "area" : "38863SKM",
      "capital" : "Thiruvananthapuram"
    }, {
      "country" : "IND",
      "name" : "Madhya Pradesh",
      "abbr" : "MP",
      "area" : "308252SKM",
      "largest_city" : "Indore",
      "capital" : "Bhopal"
    }, {
      "country" : "IND",
      "name" : "Maharashtra",
      "abbr" : "MH",
      "area" : "307713SKM",
      "capital" : "Mumbai"
    }, {
      "country" : "IND",
      "name" : "Manipur",
      "abbr" : "MN",
      "area" : "22347SKM",
      "capital" : "Imphal"
    }, {
      "country" : "IND",
      "name" : "Meghalaya",
      "abbr" : "ML",
      "area" : "22720SKM",
      "capital" : "Shillong"
    }, {
      "country" : "IND",
      "name" : "Mizoram",
      "abbr" : "MZ",
      "area" : "21081SKM",
      "capital" : "Aizawl"
    }, {
      "country" : "IND",
      "name" : "Nagaland",
      "abbr" : "NL",
      "area" : "16579SKM",
      "largest_city" : "Dimapur",
      "capital" : "Kohima"
    }, {
      "country" : "IND",
      "name" : "Odisha",
      "abbr" : "OR",
      "area" : "155820SKM",
      "capital" : "Bhubaneswar"
    }, {
      "country" : "IND",
      "name" : "Punjab",
      "abbr" : "PB",
      "area" : "50362SKM",
      "largest_city" : "Ludhiana",
      "capital" : "Chandigarh"
    }, {
      "country" : "IND",
      "name" : "Rajasthan",
      "abbr" : "RJ",
      "area" : "342269SKM",
      "capital" : "Jaipur"
    }, {
      "country" : "IND",
      "name" : "Sikkim",
      "abbr" : "SK",
      "area" : "7096SKM",
      "capital" : "Gangtok"
    }, {
      "country" : "IND",
      "name" : "Tamil Nadu",
      "abbr" : "TN",
      "area" : "130058SKM",
      "capital" : "Chennai"
    }, {
      "country" : "IND",
      "name" : "Telangana",
      "abbr" : "TG",
      "area" : "11484030SKM",
      "capital" : "Hyderabad"
    }, {
      "country" : "IND",
      "name" : "Tripura",
      "abbr" : "TR",
      "area" : "10492SKM",
      "capital" : "Agartala"
    }, {
      "country" : "IND",
      "name" : "Uttar Pradesh",
      "abbr" : "UP",
      "area" : "243286SKM",
      "largest_city" : "Kanpur",
      "capital" : "Lucknow"
    }, {
      "country" : "IND",
      "name" : "Uttarakhand",
      "abbr" : "UT",
      "area" : "53483SKM",
      "capital" : "Dehradun"
    }, {
      "country" : "IND",
      "name" : "West Bengal",
      "abbr" : "WB",
      "area" : "88752SKM",
      "capital" : "Kolkata"
    }, {
      "country" : "IND",
      "name" : "Andaman and Nicobar Islands",
      "abbr" : "AN",
      "capital" : "Port Blair"
    }, {
      "country" : "IND",
      "name" : "Chandigarh",
      "abbr" : "CH",
      "capital" : "Chandigarh"
    }, {
      "country" : "IND",
      "name" : "Dadra and Nagar Haveli",
      "abbr" : "DN",
      "capital" : "Silvassa"
    }, {
      "country" : "IND",
      "name" : "Daman and Diu",
      "abbr" : "DD",
      "capital" : "Daman"
    }, {
      "country" : "IND",
      "name" : "Lakshadweep",
      "abbr" : "LD",
      "capital" : "Kavaratti"
    }, {
      "country" : "IND",
      "name" : "National Capital Territory of Delhi",
      "abbr" : "DL",
      "capital" : "New Delhi"
    }, {
      "country" : "IND",
      "name" : "Puducherry",
      "abbr" : "PY",
      "capital" : "Pondicherry"
    } ]
  }
}
2017-05-26 15:20:42 - Response JSON validated successfully. Value Guwahati is present at $..result[?(@.name=='Assam')].largest_city in response file.
2017-05-26 15:20:42 - Failed to close Rest connection java.lang.NullPointerException
2017-05-26 15:20:42 - Failed to close Rest connection com.epam.utils.FrameworkExceptions: Failed in closeRestConnection() methodjava.lang.NullPointerException
2017-05-26 15:20:42 - ================================   TEST METHOD ENDS   =========================================
2017-05-26 16:14:13 - VerifyCapitalCityScenarioofAssam
2017-05-26 16:14:14 - Rest Client is connected.
2017-05-26 16:14:15 - Rest Request: http://services.groupkt.com/state/get/IND/all successfully posted.
2017-05-26 16:14:15 - JSON response from the rest:
{
  "RestResponse" : {
    "messages" : [ "More webservices are available at http://www.groupkt.com/post/f2129b88/services.htm", "Total [36] records found." ],
    "result" : [ {
      "country" : "IND",
      "name" : "Andhra Pradesh",
      "abbr" : "AP",
      "area" : "160205SKM",
      "largest_city" : "Visakhapatnam",
      "capital" : "Hyderabad, India"
    }, {
      "country" : "IND",
      "name" : "Arunachal Pradesh",
      "abbr" : "AR",
      "area" : "83743SKM",
      "capital" : "Itanagar"
    }, {
      "country" : "IND",
      "name" : "Assam",
      "abbr" : "AS",
      "area" : "78550SKM",
      "largest_city" : "Guwahati",
      "capital" : "Dispur"
    }, {
      "country" : "IND",
      "name" : "Bihar",
      "abbr" : "BR",
      "area" : "99200SKM",
      "capital" : "Patna"
    }, {
      "country" : "IND",
      "name" : "Chhattisgarh",
      "abbr" : "CT",
      "area" : "135194SKM",
      "capital" : "Raipur"
    }, {
      "country" : "IND",
      "name" : "Goa",
      "abbr" : "GA",
      "area" : "3702SKM",
      "capital" : "Panaji"
    }, {
      "country" : "IND",
      "name" : "Gujarat",
      "abbr" : "GJ",
      "area" : "196024SKM",
      "largest_city" : "Ahmedabad",
      "capital" : "Gandhinagar"
    }, {
      "country" : "IND",
      "name" : "Haryana",
      "abbr" : "HR",
      "area" : "44212SKM",
      "largest_city" : "Faridabad",
      "capital" : "Chandigarh"
    }, {
      "country" : "IND",
      "name" : "Himachal Pradesh",
      "abbr" : "HP",
      "area" : "55673SKM",
      "capital" : "Shimla"
    }, {
      "country" : "IND",
      "name" : "Jammu and Kashmir",
      "abbr" : "JK",
      "area" : "222236SKM",
      "capital" : "Srinagar"
    }, {
      "country" : "IND",
      "name" : "Jharkhand",
      "abbr" : "JH",
      "area" : "74677SKM",
      "largest_city" : "Jamshedpur",
      "capital" : "Ranchi"
    }, {
      "country" : "IND",
      "name" : "Karnataka",
      "abbr" : "KA",
      "area" : "191791SKM",
      "capital" : "Bangalore"
    }, {
      "country" : "IND",
      "name" : "Kerala",
      "abbr" : "KL",
      "area" : "38863SKM",
      "capital" : "Thiruvananthapuram"
    }, {
      "country" : "IND",
      "name" : "Madhya Pradesh",
      "abbr" : "MP",
      "area" : "308252SKM",
      "largest_city" : "Indore",
      "capital" : "Bhopal"
    }, {
      "country" : "IND",
      "name" : "Maharashtra",
      "abbr" : "MH",
      "area" : "307713SKM",
      "capital" : "Mumbai"
    }, {
      "country" : "IND",
      "name" : "Manipur",
      "abbr" : "MN",
      "area" : "22347SKM",
      "capital" : "Imphal"
    }, {
      "country" : "IND",
      "name" : "Meghalaya",
      "abbr" : "ML",
      "area" : "22720SKM",
      "capital" : "Shillong"
    }, {
      "country" : "IND",
      "name" : "Mizoram",
      "abbr" : "MZ",
      "area" : "21081SKM",
      "capital" : "Aizawl"
    }, {
      "country" : "IND",
      "name" : "Nagaland",
      "abbr" : "NL",
      "area" : "16579SKM",
      "largest_city" : "Dimapur",
      "capital" : "Kohima"
    }, {
      "country" : "IND",
      "name" : "Odisha",
      "abbr" : "OR",
      "area" : "155820SKM",
      "capital" : "Bhubaneswar"
    }, {
      "country" : "IND",
      "name" : "Punjab",
      "abbr" : "PB",
      "area" : "50362SKM",
      "largest_city" : "Ludhiana",
      "capital" : "Chandigarh"
    }, {
      "country" : "IND",
      "name" : "Rajasthan",
      "abbr" : "RJ",
      "area" : "342269SKM",
      "capital" : "Jaipur"
    }, {
      "country" : "IND",
      "name" : "Sikkim",
      "abbr" : "SK",
      "area" : "7096SKM",
      "capital" : "Gangtok"
    }, {
      "country" : "IND",
      "name" : "Tamil Nadu",
      "abbr" : "TN",
      "area" : "130058SKM",
      "capital" : "Chennai"
    }, {
      "country" : "IND",
      "name" : "Telangana",
      "abbr" : "TG",
      "area" : "11484030SKM",
      "capital" : "Hyderabad"
    }, {
      "country" : "IND",
      "name" : "Tripura",
      "abbr" : "TR",
      "area" : "10492SKM",
      "capital" : "Agartala"
    }, {
      "country" : "IND",
      "name" : "Uttar Pradesh",
      "abbr" : "UP",
      "area" : "243286SKM",
      "largest_city" : "Kanpur",
      "capital" : "Lucknow"
    }, {
      "country" : "IND",
      "name" : "Uttarakhand",
      "abbr" : "UT",
      "area" : "53483SKM",
      "capital" : "Dehradun"
    }, {
      "country" : "IND",
      "name" : "West Bengal",
      "abbr" : "WB",
      "area" : "88752SKM",
      "capital" : "Kolkata"
    }, {
      "country" : "IND",
      "name" : "Andaman and Nicobar Islands",
      "abbr" : "AN",
      "capital" : "Port Blair"
    }, {
      "country" : "IND",
      "name" : "Chandigarh",
      "abbr" : "CH",
      "capital" : "Chandigarh"
    }, {
      "country" : "IND",
      "name" : "Dadra and Nagar Haveli",
      "abbr" : "DN",
      "capital" : "Silvassa"
    }, {
      "country" : "IND",
      "name" : "Daman and Diu",
      "abbr" : "DD",
      "capital" : "Daman"
    }, {
      "country" : "IND",
      "name" : "Lakshadweep",
      "abbr" : "LD",
      "capital" : "Kavaratti"
    }, {
      "country" : "IND",
      "name" : "National Capital Territory of Delhi",
      "abbr" : "DL",
      "capital" : "New Delhi"
    }, {
      "country" : "IND",
      "name" : "Puducherry",
      "abbr" : "PY",
      "capital" : "Pondicherry"
    } ]
  }
}
2017-05-26 16:14:16 - Response JSON validated successfully. Value Guwahati is present at $..result[?(@.name=='Assam')].largest_city in response file.
2017-05-26 16:14:16 - Failed to close Rest connection java.lang.NullPointerException
2017-05-26 16:14:16 - Failed to close Rest connection com.epam.utils.FrameworkExceptions: Failed in closeRestConnection() methodjava.lang.NullPointerException
2017-05-26 16:14:16 - ================================   TEST METHOD ENDS   =========================================
