2017-05-05 11:36:59 - ================================ TEST STARTS NOW  =========================================
2017-05-05 11:37:01 - Starting Web service Scenario
2017-05-05 11:37:01 - Executing getConnection()
2017-05-05 11:37:02 - httpclient object created to connect to the connection url:
2017-05-05 11:37:02 - Execuing loadRequest() with the parameters: url: http://www.dneonline.com/calculator.asmx?WSDL; appenders: ; requestType: POST; requestHeaders: Content-Type: text/xml; charset=utf-8
SOAPAction: http://tempuri.org/Add; requestBody: <soapenv:Envelope xmlns:soapenv="http://schemas.xmlsoap.org/soap/envelope/" xmlns:tem="http://tempuri.org/">    <soapenv:Header/>    <soapenv:Body>       <tem:Add>          <tem:intA>10</tem:intA>          <tem:intB>5</tem:intB>       </tem:Add>    </soapenv:Body> </soapenv:Envelope>
2017-05-05 11:37:02 - setReuqest
2017-05-05 11:37:02 - setReuqest
2017-05-05 11:37:02 - getReuqest
2017-05-05 11:37:02 - Executing the sendRequest()POST http://www.dneonline.com/calculator.asmx?WSDL HTTP/1.1
2017-05-05 11:37:02 - Executing getConnection()
2017-05-05 11:37:02 - httpclient object created to connect to the connection url:
2017-05-05 11:37:02 - getReuqest
2017-05-05 11:37:03 - Executing getReponse()
2017-05-05 11:37:03 - Executing getResponseStatus()
2017-05-05 11:37:03 - The output of the request is:HTTP/1.1 200 OK
2017-05-05 11:37:03 - The output of the request is:<?xml version="1.0" encoding="utf-8"?><soap:Envelope xmlns:soap="http://schemas.xmlsoap.org/soap/envelope/" xmlns:xsi="http://www.w3.org/2001/XMLSchema-instance" xmlns:xsd="http://www.w3.org/2001/XMLSchema"><soap:Body><AddResponse xmlns="http://tempuri.org/"><AddResult>15</AddResult></AddResponse></soap:Body></soap:Envelope>
2017-05-05 11:37:03 - Response XML validated successfully. Value 15 is present at //AddResponse/AddResult/text() in response file.
2017-05-05 11:37:03 - Executing closeConnection()
2017-05-05 11:37:03 - Executing getConnection()
2017-05-05 11:37:03 - httpclient object created to connect to the connection url:
2017-05-05 11:37:03 - ================================   TEST METHOD ENDS   =========================================
2017-05-05 11:37:03 - ================================ TEST STARTS NOW  =========================================
2017-05-05 11:37:03 - Starting Web service Scenario
2017-05-05 11:37:03 - Executing getConnection()
2017-05-05 11:37:03 - httpclient object created to connect to the connection url:
2017-05-05 11:37:03 - Execuing loadRequest() with the parameters: url: http://www.dneonline.com/calculator.asmx?WSDL; appenders: ; requestType: POST; requestHeaders: Content-Type: text/xml; charset=utf-8
SOAPAction: http://tempuri.org/Add; requestBody: <soapenv:Envelope xmlns:soapenv="http://schemas.xmlsoap.org/soap/envelope/" xmlns:tem="http://tempuri.org/">    <soapenv:Header/>    <soapenv:Body>       <tem:Add>          <tem:intA>10</tem:intA>          <tem:intB>5</tem:intB>       </tem:Add>    </soapenv:Body> </soapenv:Envelope>
2017-05-05 11:37:03 - setReuqest
2017-05-05 11:37:03 - setReuqest
2017-05-05 11:37:03 - getReuqest
2017-05-05 11:37:03 - Executing the sendRequest()POST http://www.dneonline.com/calculator.asmx?WSDL HTTP/1.1
2017-05-05 11:37:03 - Executing getConnection()
2017-05-05 11:37:03 - httpclient object created to connect to the connection url:
2017-05-05 11:37:03 - getReuqest
2017-05-05 11:37:03 - Executing getReponse()
2017-05-05 11:37:03 - Executing getResponseStatus()
2017-05-05 11:37:03 - The output of the request is:HTTP/1.1 200 OK
2017-05-05 11:37:03 - The output of the request is:<?xml version="1.0" encoding="utf-8"?><soap:Envelope xmlns:soap="http://schemas.xmlsoap.org/soap/envelope/" xmlns:xsi="http://www.w3.org/2001/XMLSchema-instance" xmlns:xsd="http://www.w3.org/2001/XMLSchema"><soap:Body><AddResponse xmlns="http://tempuri.org/"><AddResult>15</AddResult></AddResponse></soap:Body></soap:Envelope>
2017-05-05 11:37:04 - Response XML validated successfully. Value 15 is present at //AddResponse/AddResult/text() in response file.
2017-05-05 11:37:04 - Executing closeConnection()
2017-05-05 11:37:04 - Executing getConnection()
2017-05-05 11:37:04 - httpclient object created to connect to the connection url:
2017-05-05 11:37:04 - ================================   TEST METHOD ENDS   =========================================
2017-05-05 11:56:19 - ================================ TEST STARTS NOW  =========================================
2017-05-05 11:56:21 - Starting Web service Scenario
2017-05-05 11:56:22 - Rest Client is connected.
2017-05-05 11:56:23 - Rest Request: http://services.groupkt.com/state/get/IND/all successfully posted.
2017-05-05 11:56:23 - JSON response from the rest:
{
  "RestResponse" : {
    "messages" : [ "More webservices are available at http://www.groupkt.com/post/f2129b88/services.htm", "Total [36] records found." ],
    "result" : [ {
      "country" : "IND",
      "name" : "Andhra Pradesh",
      "abbr" : "AP",
      "area" : "160205SKM",
      "largest_city" : "Visakhapatnam",
      "capital" : "Hyderabad, India"
    }, {
      "country" : "IND",
      "name" : "Arunachal Pradesh",
      "abbr" : "AR",
      "area" : "83743SKM",
      "capital" : "Itanagar"
    }, {
      "country" : "IND",
      "name" : "Assam",
      "abbr" : "AS",
      "area" : "78550SKM",
      "largest_city" : "Guwahati",
      "capital" : "Dispur"
    }, {
      "country" : "IND",
      "name" : "Bihar",
      "abbr" : "BR",
      "area" : "99200SKM",
      "capital" : "Patna"
    }, {
      "country" : "IND",
      "name" : "Chhattisgarh",
      "abbr" : "CT",
      "area" : "135194SKM",
      "capital" : "Raipur"
    }, {
      "country" : "IND",
      "name" : "Goa",
      "abbr" : "GA",
      "area" : "3702SKM",
      "capital" : "Panaji"
    }, {
      "country" : "IND",
      "name" : "Gujarat",
      "abbr" : "GJ",
      "area" : "196024SKM",
      "largest_city" : "Ahmedabad",
      "capital" : "Gandhinagar"
    }, {
      "country" : "IND",
      "name" : "Haryana",
      "abbr" : "HR",
      "area" : "44212SKM",
      "largest_city" : "Faridabad",
      "capital" : "Chandigarh"
    }, {
      "country" : "IND",
      "name" : "Himachal Pradesh",
      "abbr" : "HP",
      "area" : "55673SKM",
      "capital" : "Shimla"
    }, {
      "country" : "IND",
      "name" : "Jammu and Kashmir",
      "abbr" : "JK",
      "area" : "222236SKM",
      "capital" : "Srinagar"
    }, {
      "country" : "IND",
      "name" : "Jharkhand",
      "abbr" : "JH",
      "area" : "74677SKM",
      "largest_city" : "Jamshedpur",
      "capital" : "Ranchi"
    }, {
      "country" : "IND",
      "name" : "Karnataka",
      "abbr" : "KA",
      "area" : "191791SKM",
      "capital" : "Bangalore"
    }, {
      "country" : "IND",
      "name" : "Kerala",
      "abbr" : "KL",
      "area" : "38863SKM",
      "capital" : "Thiruvananthapuram"
    }, {
      "country" : "IND",
      "name" : "Madhya Pradesh",
      "abbr" : "MP",
      "area" : "308252SKM",
      "largest_city" : "Indore",
      "capital" : "Bhopal"
    }, {
      "country" : "IND",
      "name" : "Maharashtra",
      "abbr" : "MH",
      "area" : "307713SKM",
      "capital" : "Mumbai"
    }, {
      "country" : "IND",
      "name" : "Manipur",
      "abbr" : "MN",
      "area" : "22347SKM",
      "capital" : "Imphal"
    }, {
      "country" : "IND",
      "name" : "Meghalaya",
      "abbr" : "ML",
      "area" : "22720SKM",
      "capital" : "Shillong"
    }, {
      "country" : "IND",
      "name" : "Mizoram",
      "abbr" : "MZ",
      "area" : "21081SKM",
      "capital" : "Aizawl"
    }, {
      "country" : "IND",
      "name" : "Nagaland",
      "abbr" : "NL",
      "area" : "16579SKM",
      "largest_city" : "Dimapur",
      "capital" : "Kohima"
    }, {
      "country" : "IND",
      "name" : "Odisha",
      "abbr" : "OR",
      "area" : "155820SKM",
      "capital" : "Bhubaneswar"
    }, {
      "country" : "IND",
      "name" : "Punjab",
      "abbr" : "PB",
      "area" : "50362SKM",
      "largest_city" : "Ludhiana",
      "capital" : "Chandigarh"
    }, {
      "country" : "IND",
      "name" : "Rajasthan",
      "abbr" : "RJ",
      "area" : "342269SKM",
      "capital" : "Jaipur"
    }, {
      "country" : "IND",
      "name" : "Sikkim",
      "abbr" : "SK",
      "area" : "7096SKM",
      "capital" : "Gangtok"
    }, {
      "country" : "IND",
      "name" : "Tamil Nadu",
      "abbr" : "TN",
      "area" : "130058SKM",
      "capital" : "Chennai"
    }, {
      "country" : "IND",
      "name" : "Telangana",
      "abbr" : "TG",
      "area" : "11484030SKM",
      "capital" : "Hyderabad"
    }, {
      "country" : "IND",
      "name" : "Tripura",
      "abbr" : "TR",
      "area" : "10492SKM",
      "capital" : "Agartala"
    }, {
      "country" : "IND",
      "name" : "Uttar Pradesh",
      "abbr" : "UP",
      "area" : "243286SKM",
      "largest_city" : "Kanpur",
      "capital" : "Lucknow"
    }, {
      "country" : "IND",
      "name" : "Uttarakhand",
      "abbr" : "UT",
      "area" : "53483SKM",
      "capital" : "Dehradun"
    }, {
      "country" : "IND",
      "name" : "West Bengal",
      "abbr" : "WB",
      "area" : "88752SKM",
      "capital" : "Kolkata"
    }, {
      "country" : "IND",
      "name" : "Andaman and Nicobar Islands",
      "abbr" : "AN",
      "capital" : "Port Blair"
    }, {
      "country" : "IND",
      "name" : "Chandigarh",
      "abbr" : "CH",
      "capital" : "Chandigarh"
    }, {
      "country" : "IND",
      "name" : "Dadra and Nagar Haveli",
      "abbr" : "DN",
      "capital" : "Silvassa"
    }, {
      "country" : "IND",
      "name" : "Daman and Diu",
      "abbr" : "DD",
      "capital" : "Daman"
    }, {
      "country" : "IND",
      "name" : "Lakshadweep",
      "abbr" : "LD",
      "capital" : "Kavaratti"
    }, {
      "country" : "IND",
      "name" : "National Capital Territory of Delhi",
      "abbr" : "DL",
      "capital" : "New Delhi"
    }, {
      "country" : "IND",
      "name" : "Puducherry",
      "abbr" : "PY",
      "capital" : "Pondicherry"
    } ]
  }
}
2017-05-05 11:56:23 - Response JSON validated successfully. Value Guwahati is present at $..result[?(@.name=='Assam')].largest_city in response file.
2017-05-05 11:56:23 - Rest connection is closed.
2017-05-05 11:56:23 - ================================   TEST METHOD ENDS   =========================================
2017-05-05 11:56:54 - ================================ TEST STARTS NOW  =========================================
2017-05-05 11:56:56 - Starting Web service Scenario
2017-05-05 11:56:56 - Executing getConnection()
2017-05-05 11:56:56 - httpclient object created to connect to the connection url:
2017-05-05 11:56:56 - Execuing loadRequest() with the parameters: url: http://www.dneonline.com/calculator.asmx?WSDL; appenders: ; requestType: POST; requestHeaders: Content-Type: text/xml; charset=utf-8
SOAPAction: http://tempuri.org/Add; requestBody: <soapenv:Envelope xmlns:soapenv="http://schemas.xmlsoap.org/soap/envelope/" xmlns:tem="http://tempuri.org/">    <soapenv:Header/>    <soapenv:Body>       <tem:Add>          <tem:intA>10</tem:intA>          <tem:intB>5</tem:intB>       </tem:Add>    </soapenv:Body> </soapenv:Envelope>
2017-05-05 11:56:56 - setReuqest
2017-05-05 11:56:56 - setReuqest
2017-05-05 11:56:56 - getReuqest
2017-05-05 11:56:56 - Executing the sendRequest()POST http://www.dneonline.com/calculator.asmx?WSDL HTTP/1.1
2017-05-05 11:56:56 - Executing getConnection()
2017-05-05 11:56:56 - httpclient object created to connect to the connection url:
2017-05-05 11:56:56 - getReuqest
2017-05-05 11:56:57 - Executing getReponse()
2017-05-05 11:56:57 - Executing getResponseStatus()
2017-05-05 11:56:57 - The output of the request is:HTTP/1.1 200 OK
2017-05-05 11:56:57 - The output of the request is:<?xml version="1.0" encoding="utf-8"?><soap:Envelope xmlns:soap="http://schemas.xmlsoap.org/soap/envelope/" xmlns:xsi="http://www.w3.org/2001/XMLSchema-instance" xmlns:xsd="http://www.w3.org/2001/XMLSchema"><soap:Body><AddResponse xmlns="http://tempuri.org/"><AddResult>15</AddResult></AddResponse></soap:Body></soap:Envelope>
2017-05-05 11:56:57 - Response XML validated successfully. Value 15 is present at //AddResponse/AddResult/text() in response file.
2017-05-05 11:56:57 - Executing closeConnection()
2017-05-05 11:56:57 - Executing getConnection()
2017-05-05 11:56:57 - httpclient object created to connect to the connection url:
2017-05-05 11:56:57 - ================================   TEST METHOD ENDS   =========================================
2017-05-05 11:56:57 - ================================ TEST STARTS NOW  =========================================
2017-05-05 11:56:57 - Starting Web service Scenario
2017-05-05 11:56:57 - Executing getConnection()
2017-05-05 11:56:57 - httpclient object created to connect to the connection url:
2017-05-05 11:56:57 - Execuing loadRequest() with the parameters: url: http://www.dneonline.com/calculator.asmx?WSDL; appenders: ; requestType: POST; requestHeaders: Content-Type: text/xml; charset=utf-8
SOAPAction: http://tempuri.org/Add; requestBody: <soapenv:Envelope xmlns:soapenv="http://schemas.xmlsoap.org/soap/envelope/" xmlns:tem="http://tempuri.org/">    <soapenv:Header/>    <soapenv:Body>       <tem:Add>          <tem:intA>10</tem:intA>          <tem:intB>5</tem:intB>       </tem:Add>    </soapenv:Body> </soapenv:Envelope>
2017-05-05 11:56:57 - setReuqest
2017-05-05 11:56:57 - setReuqest
2017-05-05 11:56:57 - getReuqest
2017-05-05 11:56:57 - Executing the sendRequest()POST http://www.dneonline.com/calculator.asmx?WSDL HTTP/1.1
2017-05-05 11:56:57 - Executing getConnection()
2017-05-05 11:56:57 - httpclient object created to connect to the connection url:
2017-05-05 11:56:57 - getReuqest
2017-05-05 11:56:58 - Executing getReponse()
2017-05-05 11:56:58 - Executing getResponseStatus()
2017-05-05 11:56:58 - The output of the request is:HTTP/1.1 200 OK
2017-05-05 11:56:58 - The output of the request is:<?xml version="1.0" encoding="utf-8"?><soap:Envelope xmlns:soap="http://schemas.xmlsoap.org/soap/envelope/" xmlns:xsi="http://www.w3.org/2001/XMLSchema-instance" xmlns:xsd="http://www.w3.org/2001/XMLSchema"><soap:Body><AddResponse xmlns="http://tempuri.org/"><AddResult>15</AddResult></AddResponse></soap:Body></soap:Envelope>
2017-05-05 11:56:58 - Response XML validated successfully. Value 15 is present at //AddResponse/AddResult/text() in response file.
2017-05-05 11:56:58 - Executing closeConnection()
2017-05-05 11:56:58 - Executing getConnection()
2017-05-05 11:56:58 - httpclient object created to connect to the connection url:
2017-05-05 11:56:58 - ================================   TEST METHOD ENDS   =========================================
2017-05-05 13:28:48 - ================================ TEST STARTS NOW  =========================================
2017-05-05 13:28:51 - Starting Web service Scenario
2017-05-05 13:28:51 - Executing getConnection()
2017-05-05 13:28:51 - httpclient object created to connect to the connection url:
2017-05-05 13:28:51 - Execuing loadRequest() with the parameters: url: http://www.dneonline.com/calculator.asmx?WSDL; appenders: ; requestType: POST; requestHeaders: Content-Type: text/xml; charset=utf-8
SOAPAction: http://tempuri.org/Add; requestBody: <soapenv:Envelope xmlns:soapenv="http://schemas.xmlsoap.org/soap/envelope/" xmlns:tem="http://tempuri.org/">    <soapenv:Header/>    <soapenv:Body>       <tem:Add>          <tem:intA>10</tem:intA>          <tem:intB>5</tem:intB>       </tem:Add>    </soapenv:Body> </soapenv:Envelope>
2017-05-05 13:28:51 - setReuqest
2017-05-05 13:28:51 - setReuqest
2017-05-05 13:28:51 - getReuqest
2017-05-05 13:28:51 - Executing the sendRequest()POST http://www.dneonline.com/calculator.asmx?WSDL HTTP/1.1
2017-05-05 13:28:51 - Executing getConnection()
2017-05-05 13:28:51 - httpclient object created to connect to the connection url:
2017-05-05 13:28:51 - getReuqest
2017-05-05 13:28:52 - Executing getReponse()
2017-05-05 13:28:52 - Executing getResponseStatus()
2017-05-05 13:28:52 - The output of the request is:HTTP/1.1 200 OK
2017-05-05 13:28:52 - The output of the request is:<?xml version="1.0" encoding="utf-8"?><soap:Envelope xmlns:soap="http://schemas.xmlsoap.org/soap/envelope/" xmlns:xsi="http://www.w3.org/2001/XMLSchema-instance" xmlns:xsd="http://www.w3.org/2001/XMLSchema"><soap:Body><AddResponse xmlns="http://tempuri.org/"><AddResult>15</AddResult></AddResponse></soap:Body></soap:Envelope>
2017-05-05 13:28:53 - Response XML validated successfully. Value 15 is present at //AddResponse/AddResult/text() in response file.
2017-05-05 13:28:53 - Executing closeConnection()
2017-05-05 13:28:53 - Executing getConnection()
2017-05-05 13:28:53 - httpclient object created to connect to the connection url:
2017-05-05 13:28:53 - ================================   TEST METHOD ENDS   =========================================
2017-05-05 13:28:53 - ================================ TEST STARTS NOW  =========================================
2017-05-05 13:28:53 - Starting Web service Scenario
2017-05-05 13:28:53 - Executing getConnection()
2017-05-05 13:28:53 - httpclient object created to connect to the connection url:
2017-05-05 13:28:53 - Execuing loadRequest() with the parameters: url: http://www.dneonline.com/calculator.asmx?WSDL; appenders: ; requestType: POST; requestHeaders: Content-Type: text/xml; charset=utf-8
SOAPAction: http://tempuri.org/Add; requestBody: <soapenv:Envelope xmlns:soapenv="http://schemas.xmlsoap.org/soap/envelope/" xmlns:tem="http://tempuri.org/">    <soapenv:Header/>    <soapenv:Body>       <tem:Add>          <tem:intA>10</tem:intA>          <tem:intB>5</tem:intB>       </tem:Add>    </soapenv:Body> </soapenv:Envelope>
2017-05-05 13:28:53 - setReuqest
2017-05-05 13:28:53 - setReuqest
2017-05-05 13:28:53 - getReuqest
2017-05-05 13:28:53 - Executing the sendRequest()POST http://www.dneonline.com/calculator.asmx?WSDL HTTP/1.1
2017-05-05 13:28:53 - Executing getConnection()
2017-05-05 13:28:53 - httpclient object created to connect to the connection url:
2017-05-05 13:28:53 - getReuqest
2017-05-05 13:28:53 - Executing getReponse()
2017-05-05 13:28:53 - Executing getResponseStatus()
2017-05-05 13:28:53 - The output of the request is:HTTP/1.1 200 OK
2017-05-05 13:28:53 - The output of the request is:<?xml version="1.0" encoding="utf-8"?><soap:Envelope xmlns:soap="http://schemas.xmlsoap.org/soap/envelope/" xmlns:xsi="http://www.w3.org/2001/XMLSchema-instance" xmlns:xsd="http://www.w3.org/2001/XMLSchema"><soap:Body><AddResponse xmlns="http://tempuri.org/"><AddResult>15</AddResult></AddResponse></soap:Body></soap:Envelope>
2017-05-05 13:28:53 - Response XML validated successfully. Value 15 is present at //AddResponse/AddResult/text() in response file.
2017-05-05 13:28:53 - Executing closeConnection()
2017-05-05 13:28:53 - Executing getConnection()
2017-05-05 13:28:53 - httpclient object created to connect to the connection url:
2017-05-05 13:28:53 - ================================   TEST METHOD ENDS   =========================================
